2026-01-31 17:01:27 [main] INFO  Log - Starting Webdriver
2026-01-31 17:01:32 [main] INFO  Log - Navigating to test URL...
2026-01-31 17:01:33 [main] INFO  Log - Starting login test...
2026-01-31 17:01:33 [main] INFO  Log - Adding credentials...
2026-01-31 17:01:33 [main] INFO  Log - Verifying page title...
2026-01-31 17:01:33 [main] INFO  Log - Closing Browser
2026-01-31 18:45:25 [main] INFO  Log - Starting Webdriver
2026-01-31 18:45:30 [main] INFO  Log - Navigating to test URL...
2026-01-31 18:45:31 [main] INFO  Log - Starting login test...
2026-01-31 18:45:31 [main] INFO  Log - Adding credentials...
2026-01-31 18:45:32 [main] INFO  Log - Verifying page title...
2026-01-31 18:45:32 [main] INFO  Log - Closing Browser
2026-01-31 19:19:39 [main] INFO  Log - Starting Webdriver
2026-01-31 19:19:41 [main] INFO  Log - Navigating to test URL...
2026-01-31 19:19:41 [main] INFO  Log - Starting login test...
2026-01-31 19:19:41 [main] INFO  Log - Adding credentials...
2026-01-31 19:19:41 [main] INFO  Log - Verifying page title...
2026-01-31 19:19:42 [main] INFO  Log - Closing Browser...
2026-01-31 19:30:41 [main] INFO  Log - Starting Webdriver
2026-01-31 19:30:43 [main] INFO  Log - Navigating to test URL...
2026-01-31 19:30:44 [main] INFO  Log - Starting login test...
2026-01-31 19:30:44 [main] INFO  Log - Adding credentials...
2026-01-31 19:30:44 [main] INFO  Log - Verifying page title...
2026-01-31 19:30:44 [main] INFO  Log - Closing Browser...
2026-01-31 19:30:44 [main] INFO  Log - Starting Webdriver
2026-01-31 19:30:45 [main] INFO  Log - Navigating to test URL...
2026-01-31 19:30:47 [main] INFO  Log - Starting login test...
2026-01-31 19:30:47 [main] INFO  Log - Adding credentials...
2026-01-31 19:30:47 [main] INFO  Log - Verifying page title...
2026-01-31 19:30:47 [main] INFO  Log - Closing Browser...
2026-01-31 19:32:08 [main] INFO  Log - Starting Webdriver
2026-01-31 19:32:09 [main] INFO  Log - Navigating to test URL...
2026-01-31 19:32:11 [main] INFO  Log - Starting login test...
2026-01-31 19:32:11 [main] INFO  Log - Adding credentials...
2026-01-31 19:32:11 [main] INFO  Log - Verifying page title...
2026-01-31 19:32:11 [main] INFO  Log - Closing Browser...
2026-01-31 19:32:11 [main] INFO  Log - Starting Webdriver
2026-01-31 19:32:12 [main] INFO  Log - Navigating to test URL...
2026-01-31 19:32:13 [main] INFO  Log - Starting login test...
2026-01-31 19:32:13 [main] INFO  Log - Adding credentials...
2026-01-31 19:32:13 [main] INFO  Log - Verifying page title...
2026-01-31 19:32:13 [main] INFO  Log - Closing Browser...
2026-01-31 19:34:23 [main] INFO  Log - Starting Webdriver
2026-01-31 19:34:24 [main] INFO  Log - Navigating to test URL...
2026-01-31 19:34:25 [main] INFO  Log - Starting login test...
2026-01-31 19:34:25 [main] INFO  Log - Adding credentials...
2026-01-31 19:34:25 [main] INFO  Log - Verifying page title...
2026-01-31 19:34:25 [main] INFO  Log - Closing Browser...
2026-01-31 19:34:25 [main] INFO  Log - Starting Webdriver
2026-01-31 19:34:27 [main] INFO  Log - Navigating to test URL...
2026-01-31 19:34:27 [main] INFO  Log - Starting login test...
2026-01-31 19:34:27 [main] INFO  Log - Adding credentials...
2026-01-31 19:34:27 [main] INFO  Log - Verifying page title...
2026-01-31 19:34:27 [main] INFO  Log - Closing Browser...
2026-02-01 12:30:51 [main] INFO  Log - Starting Webdriver
2026-02-01 12:31:03 [main] INFO  Log - Navigating to test URL...
2026-02-01 12:31:05 [main] INFO  Log - Starting login test...
2026-02-01 12:31:05 [main] INFO  Log - Adding credentials...
2026-02-01 12:31:05 [main] INFO  Log - Verifying page title...
2026-02-01 12:31:05 [main] INFO  Log - Closing Browser...
2026-02-01 12:31:06 [main] INFO  Log - Starting Webdriver
2026-02-01 12:31:07 [main] INFO  Log - Navigating to test URL...
2026-02-01 12:31:11 [main] INFO  Log - Starting login test...
2026-02-01 12:31:11 [main] INFO  Log - Adding credentials...
2026-02-01 12:31:11 [main] INFO  Log - Verifying page title...
2026-02-01 12:31:11 [main] INFO  Log - Closing Browser...
2026-02-01 16:00:44 [main] INFO  Log - Starting Webdriver
2026-02-01 16:00:46 [main] INFO  Log - Navigating to test URL...
2026-02-01 16:00:47 [main] INFO  Log - Starting login test...
2026-02-01 16:00:47 [main] INFO  Log - Adding credentials...
2026-02-01 16:00:48 [main] INFO  Log - Verifying page title...
2026-02-01 16:00:48 [main] INFO  Log - Closing Browser...
2026-02-01 16:00:48 [main] INFO  Log - Starting Webdriver
2026-02-01 16:00:49 [main] INFO  Log - Navigating to test URL...
2026-02-01 16:00:50 [main] INFO  Log - Starting login test...
2026-02-01 16:00:50 [main] INFO  Log - Adding credentials...
2026-02-01 16:00:50 [main] INFO  Log - Verifying page title...
2026-02-01 16:00:50 [main] INFO  Log - Closing Browser...
2026-02-01 16:00:50 [main] INFO  Log - Starting Webdriver
2026-02-01 16:00:51 [main] INFO  Log - Navigating to test URL...
2026-02-01 16:00:52 [main] INFO  Log - Starting login test...
2026-02-01 16:00:52 [main] INFO  Log - Adding credentials...
2026-02-01 16:00:53 [main] INFO  Log - Verifying page title...
2026-02-01 16:00:53 [main] INFO  Log - Closing Browser...
2026-02-01 16:00:53 [main] INFO  Log - Starting Webdriver
2026-02-01 16:00:54 [main] INFO  Log - Navigating to test URL...
2026-02-01 16:00:55 [main] INFO  Log - Starting login test...
2026-02-01 16:00:55 [main] INFO  Log - Adding credentials...
2026-02-01 16:00:55 [main] INFO  Log - Verifying page title...
2026-02-01 16:00:55 [main] INFO  Log - Closing Browser...
2026-02-01 16:07:48 [main] INFO  Log - Starting Webdriver
2026-02-01 16:07:49 [main] INFO  Log - Navigating to test URL...
2026-02-01 16:07:50 [main] INFO  Log - Starting login test...
2026-02-01 16:07:50 [main] INFO  Log - Adding credentials...
2026-02-01 16:07:51 [main] INFO  Log - Verifying page title...
2026-02-01 16:07:51 [main] INFO  Log - Closing Browser...
2026-02-01 16:07:51 [main] INFO  Log - Starting Webdriver
2026-02-01 16:07:52 [main] INFO  Log - Navigating to test URL...
2026-02-01 16:07:53 [main] INFO  Log - Starting login test...
2026-02-01 16:07:53 [main] INFO  Log - Adding credentials...
2026-02-01 16:07:53 [main] INFO  Log - Verifying page title...
2026-02-01 16:07:53 [main] INFO  Log - Closing Browser...
2026-02-01 16:07:53 [main] INFO  Log - Starting Webdriver
2026-02-01 16:07:54 [main] INFO  Log - Navigating to test URL...
2026-02-01 16:07:55 [main] INFO  Log - Starting login test...
2026-02-01 16:07:55 [main] INFO  Log - Adding credentials...
2026-02-01 16:07:55 [main] INFO  Log - Verifying page title...
2026-02-01 16:07:55 [main] INFO  Log - Closing Browser...
2026-02-01 16:07:55 [main] INFO  Log - Starting Webdriver
2026-02-01 16:07:56 [main] INFO  Log - Navigating to test URL...
2026-02-01 16:07:57 [main] INFO  Log - Starting login test...
2026-02-01 16:07:57 [main] INFO  Log - Adding credentials...
2026-02-01 16:07:58 [main] INFO  Log - Verifying page title...
2026-02-01 16:07:58 [main] INFO  Log - Closing Browser...
2026-02-02 13:59:20 [main] INFO  Log - Starting Webdriver
2026-02-02 13:59:27 [main] INFO  Log - Navigating to test URL...
2026-02-02 13:59:28 [main] INFO  Log - Starting login test...
2026-02-02 13:59:28 [main] INFO  Log - Adding credentials
2026-02-02 13:59:28 [main] INFO  Log - Clicking login button...
2026-02-02 13:59:31 [main] INFO  Log - Closing Browser...
2026-02-02 14:14:37 [main] INFO  Log - Starting Webdriver
2026-02-02 14:14:38 [main] INFO  Log - Navigating to test URL...
2026-02-02 14:14:39 [main] INFO  Log - Starting login test...
2026-02-02 14:14:39 [main] INFO  Log - Adding credentials
2026-02-02 14:14:40 [main] INFO  Log - Clicking login button...
2026-02-02 14:14:43 [main] INFO  Log - Closing Browser...
2026-02-02 14:42:43 [main] INFO  Log - Starting Webdriver
2026-02-02 14:42:45 [main] INFO  Log - Navigating to test URL...
2026-02-02 14:42:46 [main] INFO  Log - Starting login test...
2026-02-02 14:42:46 [main] INFO  Log - Adding credentials
2026-02-02 14:42:46 [main] INFO  Log - Clicking login button...
2026-02-02 14:42:50 [main] INFO  Log - Closing Browser...
2026-02-02 15:58:31 [main] INFO  Log - Starting Webdriver
2026-02-02 15:58:34 [main] INFO  Log - Navigating to test URL...
2026-02-02 15:58:35 [main] INFO  Log - Starting login test...
2026-02-02 15:58:35 [main] INFO  Log - Adding credentials
2026-02-02 15:58:35 [main] INFO  Log - Clicking login button...
2026-02-02 15:58:38 [main] INFO  Log - Closing Browser...
2026-02-02 16:05:40 [main] INFO  Log - Starting Webdriver
2026-02-02 16:05:42 [main] INFO  Log - Navigating to test URL...
2026-02-02 16:05:43 [main] INFO  Log - Starting login test...
2026-02-02 16:05:43 [main] INFO  Log - Adding credentials
2026-02-02 16:05:43 [main] INFO  Log - Clicking login button...
2026-02-02 16:05:46 [main] INFO  Log - Closing Browser...
2026-02-02 16:06:45 [main] INFO  Log - Starting Webdriver
2026-02-02 16:06:47 [main] INFO  Log - Navigating to test URL...
2026-02-02 16:06:47 [main] INFO  Log - Starting login test...
2026-02-02 16:06:47 [main] INFO  Log - Adding credentials
2026-02-02 16:06:48 [main] INFO  Log - Clicking login button...
2026-02-02 16:06:51 [main] INFO  Log - Closing Browser...
2026-02-02 16:11:32 [main] INFO  Log - Starting Webdriver
2026-02-02 16:11:34 [main] INFO  Log - Navigating to test URL...
2026-02-02 16:11:35 [main] INFO  Log - Starting login test...
2026-02-02 16:11:35 [main] INFO  Log - Adding credentials
2026-02-02 16:11:35 [main] INFO  Log - Clicking login button...
2026-02-02 16:11:38 [main] INFO  Log - Closing Browser...
2026-02-02 16:52:07 [main] INFO  Log - Starting Webdriver
2026-02-02 16:52:08 [main] INFO  Log - Navigating to test URL...
2026-02-02 16:52:09 [main] INFO  Log - Starting login test...
2026-02-02 16:52:09 [main] INFO  Log - Adding credentials
2026-02-02 16:52:10 [main] INFO  Log - Clicking login button...
2026-02-02 16:52:13 [main] INFO  Log - Closing Browser...
2026-02-02 16:56:25 [main] INFO  Log - Starting Webdriver
2026-02-02 16:56:27 [main] INFO  Log - Navigating to test URL...
2026-02-02 16:56:28 [main] INFO  Log - Starting login test...
2026-02-02 16:56:28 [main] INFO  Log - Adding credentials
2026-02-02 16:56:28 [main] INFO  Log - Clicking login button...
2026-02-02 16:56:31 [main] INFO  Log - Closing Browser...
2026-02-02 16:57:49 [main] INFO  Log - Starting Webdriver
2026-02-02 16:57:50 [main] INFO  Log - Navigating to test URL...
2026-02-02 16:57:51 [main] INFO  Log - Starting login test...
2026-02-02 16:57:51 [main] INFO  Log - Adding credentials
2026-02-02 16:57:52 [main] INFO  Log - Clicking login button...
2026-02-02 16:57:55 [main] INFO  Log - Closing Browser...
2026-02-02 17:24:26 [main] INFO  Log - Starting Webdriver
2026-02-02 17:24:33 [main] INFO  Log - Navigating to test URL...
2026-02-02 17:24:34 [main] INFO  Log - Starting login test...
2026-02-02 17:24:34 [main] INFO  Log - Adding credentials
2026-02-02 17:24:35 [main] INFO  Log - Clicking login button...
2026-02-02 17:24:38 [main] INFO  Log - Closing Browser...
2026-02-02 17:34:20 [main] INFO  Log - Starting Webdriver
2026-02-02 17:34:22 [main] INFO  Log - Navigating to test URL...
2026-02-02 17:34:23 [main] INFO  Log - Starting login test...
2026-02-02 17:34:23 [main] INFO  Log - Adding credentials
2026-02-02 17:34:23 [main] INFO  Log - Clicking login button...
2026-02-02 17:34:26 [main] INFO  Log - Closing Browser...
2026-02-02 17:34:26 [main] INFO  Log - Starting Webdriver
2026-02-02 17:34:27 [main] INFO  Log - Navigating to test URL...
2026-02-02 17:34:28 [main] INFO  Log - Starting login test...
2026-02-02 17:34:28 [main] INFO  Log - Adding credentials
2026-02-02 17:34:29 [main] INFO  Log - Clicking login button...
2026-02-02 17:34:32 [main] INFO  Log - Closing Browser...
2026-02-02 17:34:32 [main] INFO  Log - Starting Webdriver
2026-02-02 17:34:33 [main] INFO  Log - Navigating to test URL...
2026-02-02 17:34:34 [main] INFO  Log - Starting login test...
2026-02-02 17:34:34 [main] INFO  Log - Adding credentials
2026-02-02 17:34:34 [main] INFO  Log - Clicking login button...
2026-02-02 17:34:37 [main] INFO  Log - Closing Browser...
2026-02-02 17:34:38 [main] INFO  Log - Starting Webdriver
2026-02-02 17:34:39 [main] INFO  Log - Navigating to test URL...
2026-02-02 17:34:40 [main] INFO  Log - Starting login test...
2026-02-02 17:34:40 [main] INFO  Log - Adding credentials
2026-02-02 17:34:40 [main] INFO  Log - Clicking login button...
2026-02-02 17:34:43 [main] INFO  Log - Closing Browser...
2026-02-02 17:57:56 [main] INFO  Log - Starting Webdriver
2026-02-02 17:57:58 [main] INFO  Log - Navigating to test URL...
2026-02-02 17:57:59 [main] INFO  Log - Starting login test...
2026-02-02 17:57:59 [main] INFO  Log - Adding credentials
2026-02-02 17:57:59 [main] INFO  Log - Clicking login button..
2026-02-02 17:58:02 [main] INFO  Log - Closing Browser...
2026-02-02 17:58:03 [main] INFO  Log - Starting Webdriver
2026-02-02 17:58:04 [main] INFO  Log - Navigating to test URL...
2026-02-02 17:58:05 [main] INFO  Log - Starting login test...
2026-02-02 17:58:05 [main] INFO  Log - Adding credentials
2026-02-02 17:58:05 [main] INFO  Log - Clicking login button..
2026-02-02 17:58:08 [main] INFO  Log - Closing Browser...
2026-02-02 17:58:08 [main] INFO  Log - Starting Webdriver
2026-02-02 17:58:09 [main] INFO  Log - Navigating to test URL...
2026-02-02 17:58:10 [main] INFO  Log - Starting login test...
2026-02-02 17:58:10 [main] INFO  Log - Adding credentials
2026-02-02 17:58:11 [main] INFO  Log - Clicking login button..
2026-02-02 17:58:14 [main] INFO  Log - Closing Browser...
2026-02-02 17:58:14 [main] INFO  Log - Starting Webdriver
2026-02-02 17:58:15 [main] INFO  Log - Navigating to test URL...
2026-02-02 17:58:16 [main] INFO  Log - Starting login test...
2026-02-02 17:58:16 [main] INFO  Log - Adding credentials
2026-02-02 17:58:16 [main] INFO  Log - Clicking login button..
2026-02-02 17:58:20 [main] INFO  Log - Closing Browser...
2026-02-02 18:05:18 [main] INFO  Log - Starting Webdriver
2026-02-02 18:05:19 [main] INFO  Log - Navigating to test URL...
2026-02-02 18:05:20 [main] INFO  Log - Starting login test...
2026-02-02 18:05:20 [main] INFO  Log - Adding credentials
2026-02-02 18:05:20 [main] INFO  Log - Clicking login button..
2026-02-02 18:05:24 [main] INFO  Log - Closing Browser...
2026-02-02 18:05:24 [main] INFO  Log - Starting Webdriver
2026-02-02 18:05:25 [main] INFO  Log - Navigating to test URL...
2026-02-02 18:05:26 [main] INFO  Log - Starting login test...
2026-02-02 18:05:26 [main] INFO  Log - Adding credentials
2026-02-02 18:05:26 [main] INFO  Log - Clicking login button..
2026-02-02 18:05:30 [main] INFO  Log - Closing Browser...
2026-02-02 18:05:30 [main] INFO  Log - Starting Webdriver
2026-02-02 18:05:31 [main] INFO  Log - Navigating to test URL...
2026-02-02 18:05:32 [main] INFO  Log - Starting login test...
2026-02-02 18:05:32 [main] INFO  Log - Adding credentials
2026-02-02 18:05:32 [main] INFO  Log - Clicking login button..
2026-02-02 18:05:35 [main] INFO  Log - Closing Browser...
2026-02-02 18:05:35 [main] INFO  Log - Starting Webdriver
2026-02-02 18:05:37 [main] INFO  Log - Navigating to test URL...
2026-02-02 18:05:38 [main] INFO  Log - Starting login test...
2026-02-02 18:05:38 [main] INFO  Log - Adding credentials
2026-02-02 18:05:38 [main] INFO  Log - Clicking login button..
2026-02-02 18:05:41 [main] INFO  Log - Closing Browser...
2026-02-02 18:07:17 [main] INFO  Log - Starting Webdriver
2026-02-02 18:07:19 [main] INFO  Log - Navigating to test URL...
2026-02-02 18:07:20 [main] INFO  Log - Starting login test...
2026-02-02 18:07:20 [main] INFO  Log - Adding credentials
2026-02-02 18:07:20 [main] INFO  Log - Clicking login button..
2026-02-02 18:07:23 [main] INFO  Log - Closing Browser...
2026-02-02 18:07:24 [main] INFO  Log - Starting Webdriver
2026-02-02 18:07:25 [main] INFO  Log - Navigating to test URL...
2026-02-02 18:07:26 [main] INFO  Log - Starting login test...
2026-02-02 18:07:26 [main] INFO  Log - Adding credentials
2026-02-02 18:07:26 [main] INFO  Log - Clicking login button..
2026-02-02 18:07:29 [main] INFO  Log - Closing Browser...
2026-02-02 18:07:29 [main] INFO  Log - Starting Webdriver
2026-02-02 18:07:30 [main] INFO  Log - Navigating to test URL...
2026-02-02 18:07:32 [main] INFO  Log - Starting login test...
2026-02-02 18:07:32 [main] INFO  Log - Adding credentials
2026-02-02 18:07:32 [main] INFO  Log - Clicking login button..
2026-02-02 18:07:35 [main] INFO  Log - Closing Browser...
2026-02-02 18:07:35 [main] INFO  Log - Starting Webdriver
2026-02-02 18:07:36 [main] INFO  Log - Navigating to test URL...
2026-02-02 18:07:37 [main] INFO  Log - Starting login test...
2026-02-02 18:07:37 [main] INFO  Log - Adding credentials
2026-02-02 18:07:37 [main] INFO  Log - Clicking login button..
2026-02-02 18:07:40 [main] INFO  Log - Closing Browser...
2026-02-02 18:11:53 [main] INFO  Log - Starting Webdriver
2026-02-02 18:11:55 [main] INFO  Log - Navigating to test URL...
2026-02-02 18:11:56 [main] INFO  Log - Starting login test...
2026-02-02 18:11:56 [main] INFO  Log - Adding credentials
2026-02-02 18:11:56 [main] INFO  Log - Clicking login button..
2026-02-02 18:11:59 [main] INFO  Log - Closing Browser...
2026-02-02 18:12:00 [main] INFO  Log - Starting Webdriver
2026-02-02 18:12:01 [main] INFO  Log - Navigating to test URL...
2026-02-02 18:12:02 [main] INFO  Log - Starting login test...
2026-02-02 18:12:02 [main] INFO  Log - Adding credentials
2026-02-02 18:12:02 [main] INFO  Log - Clicking login button..
2026-02-02 18:12:05 [main] INFO  Log - Closing Browser...
2026-02-02 18:12:05 [main] INFO  Log - Starting Webdriver
2026-02-02 18:12:06 [main] INFO  Log - Navigating to test URL...
2026-02-02 18:12:07 [main] INFO  Log - Starting login test...
2026-02-02 18:12:07 [main] INFO  Log - Adding credentials
2026-02-02 18:12:07 [main] INFO  Log - Clicking login button..
2026-02-02 18:12:11 [main] INFO  Log - Closing Browser...
2026-02-02 18:12:11 [main] INFO  Log - Starting Webdriver
2026-02-02 18:12:12 [main] INFO  Log - Navigating to test URL...
2026-02-02 18:12:13 [main] INFO  Log - Starting login test...
2026-02-02 18:12:13 [main] INFO  Log - Adding credentials
2026-02-02 18:12:13 [main] INFO  Log - Clicking login button..
2026-02-02 18:12:16 [main] INFO  Log - Closing Browser...
2026-02-02 18:15:14 [main] INFO  Log - Starting Webdriver
2026-02-02 18:15:15 [main] INFO  Log - Navigating to test URL...
2026-02-02 18:15:16 [main] INFO  Log - Starting login test...
2026-02-02 18:15:16 [main] INFO  Log - Adding credentials
2026-02-02 18:15:16 [main] INFO  Log - Clicking login button..
2026-02-02 18:15:20 [main] INFO  Log - Closing Browser...
2026-02-02 18:15:20 [main] INFO  Log - Starting Webdriver
2026-02-02 18:15:21 [main] INFO  Log - Navigating to test URL...
2026-02-02 18:15:22 [main] INFO  Log - Starting login test...
2026-02-02 18:15:22 [main] INFO  Log - Adding credentials
2026-02-02 18:15:22 [main] INFO  Log - Clicking login button..
2026-02-02 18:15:25 [main] INFO  Log - Closing Browser...
2026-02-02 18:15:25 [main] INFO  Log - Starting Webdriver
2026-02-02 18:15:26 [main] INFO  Log - Navigating to test URL...
2026-02-02 18:15:27 [main] INFO  Log - Starting login test...
2026-02-02 18:15:27 [main] INFO  Log - Adding credentials
2026-02-02 18:15:28 [main] INFO  Log - Clicking login button..
2026-02-02 18:15:31 [main] INFO  Log - Closing Browser...
2026-02-02 18:15:31 [main] INFO  Log - Starting Webdriver
2026-02-02 18:15:32 [main] INFO  Log - Navigating to test URL...
2026-02-02 18:15:33 [main] INFO  Log - Starting login test...
2026-02-02 18:15:33 [main] INFO  Log - Adding credentials
2026-02-02 18:15:33 [main] INFO  Log - Clicking login button..
2026-02-02 18:15:36 [main] INFO  Log - Closing Browser...
2026-02-02 18:18:49 [main] INFO  Log - Starting Webdriver
2026-02-02 18:18:50 [main] INFO  Log - Navigating to test URL...
2026-02-02 18:18:51 [main] INFO  Log - Starting login test...
2026-02-02 18:18:51 [main] INFO  Log - Adding credentials
2026-02-02 18:18:54 [main] INFO  Log - Closing Browser...
2026-02-02 18:18:54 [main] INFO  Log - Starting Webdriver
2026-02-02 18:18:55 [main] INFO  Log - Navigating to test URL...
2026-02-02 18:18:56 [main] INFO  Log - Starting login test...
2026-02-02 18:18:56 [main] INFO  Log - Adding credentials
2026-02-02 18:18:59 [main] INFO  Log - Closing Browser...
2026-02-02 18:18:59 [main] INFO  Log - Starting Webdriver
2026-02-02 18:19:00 [main] INFO  Log - Navigating to test URL...
2026-02-02 18:19:01 [main] INFO  Log - Starting login test...
2026-02-02 18:19:01 [main] INFO  Log - Adding credentials
2026-02-02 18:19:04 [main] INFO  Log - Closing Browser...
2026-02-02 18:19:04 [main] INFO  Log - Starting Webdriver
2026-02-02 18:19:05 [main] INFO  Log - Navigating to test URL...
2026-02-02 18:19:06 [main] INFO  Log - Starting login test...
2026-02-02 18:19:06 [main] INFO  Log - Adding credentials
2026-02-02 18:19:09 [main] INFO  Log - Closing Browser...
2026-02-02 18:20:16 [main] INFO  Log - Starting Webdriver
2026-02-02 18:20:18 [main] INFO  Log - Navigating to test URL...
2026-02-02 18:20:18 [main] INFO  Log - Starting login test...
2026-02-02 18:20:18 [main] INFO  Log - Adding credentials
2026-02-02 18:20:22 [main] INFO  Log - Closing Browser...
2026-02-02 18:20:22 [main] INFO  Log - Starting Webdriver
2026-02-02 18:20:23 [main] INFO  Log - Navigating to test URL...
2026-02-02 18:20:23 [main] INFO  Log - Starting login test...
2026-02-02 18:20:23 [main] INFO  Log - Adding credentials
2026-02-02 18:20:27 [main] INFO  Log - Closing Browser...
2026-02-02 18:20:27 [main] INFO  Log - Starting Webdriver
2026-02-02 18:20:28 [main] INFO  Log - Navigating to test URL...
2026-02-02 18:20:28 [main] INFO  Log - Starting login test...
2026-02-02 18:20:28 [main] INFO  Log - Adding credentials
2026-02-02 18:20:32 [main] INFO  Log - Closing Browser...
2026-02-02 18:20:32 [main] INFO  Log - Starting Webdriver
2026-02-02 18:20:33 [main] INFO  Log - Navigating to test URL...
2026-02-02 18:20:33 [main] INFO  Log - Starting login test...
2026-02-02 18:20:33 [main] INFO  Log - Adding credentials
2026-02-02 18:20:37 [main] INFO  Log - Closing Browser...
2026-02-02 18:21:15 [main] INFO  Log - Starting Webdriver
2026-02-02 18:21:17 [main] INFO  Log - Navigating to test URL...
2026-02-02 18:21:17 [main] INFO  Log - Starting login test...
2026-02-02 18:21:17 [main] INFO  Log - Adding credentials
2026-02-02 18:21:21 [main] INFO  Log - Closing Browser...
2026-02-02 18:21:21 [main] INFO  Log - Starting Webdriver
2026-02-02 18:21:22 [main] INFO  Log - Navigating to test URL...
2026-02-02 18:21:22 [main] INFO  Log - Starting login test...
2026-02-02 18:21:22 [main] INFO  Log - Adding credentials
2026-02-02 18:21:25 [main] INFO  Log - Closing Browser...
2026-02-02 18:21:26 [main] INFO  Log - Starting Webdriver
2026-02-02 18:21:27 [main] INFO  Log - Navigating to test URL...
2026-02-02 18:21:27 [main] INFO  Log - Starting login test...
2026-02-02 18:21:27 [main] INFO  Log - Adding credentials
2026-02-02 18:21:31 [main] INFO  Log - Closing Browser...
2026-02-02 18:21:31 [main] INFO  Log - Starting Webdriver
2026-02-02 18:21:32 [main] INFO  Log - Navigating to test URL...
2026-02-02 18:21:32 [main] INFO  Log - Starting login test...
2026-02-02 18:21:32 [main] INFO  Log - Adding credentials
2026-02-02 18:21:36 [main] INFO  Log - Closing Browser...
2026-02-02 18:45:46 [main] INFO  Log - Starting Webdriver
2026-02-02 18:45:53 [main] INFO  Log - Navigating to test URL...
2026-02-02 18:46:01 [main] INFO  Log - Starting login test...
2026-02-02 18:46:01 [main] INFO  Log - Adding credentials
2026-02-02 18:46:04 [main] INFO  Log - Closing Browser...
2026-02-02 18:46:05 [main] INFO  Log - Starting Webdriver
2026-02-02 18:46:06 [main] INFO  Log - Navigating to test URL...
2026-02-02 18:46:15 [main] INFO  Log - Starting login test...
2026-02-02 18:46:15 [main] INFO  Log - Adding credentials
2026-02-02 18:46:18 [main] INFO  Log - Closing Browser...
2026-02-02 18:46:18 [main] INFO  Log - Starting Webdriver
2026-02-02 18:46:19 [main] INFO  Log - Navigating to test URL...
2026-02-02 18:46:24 [main] INFO  Log - Starting login test...
2026-02-02 18:46:24 [main] INFO  Log - Adding credentials
2026-02-02 18:46:27 [main] INFO  Log - Closing Browser...
2026-02-02 18:46:27 [main] INFO  Log - Starting Webdriver
2026-02-02 18:46:28 [main] INFO  Log - Navigating to test URL...
2026-02-02 18:46:37 [main] INFO  Log - Starting login test...
2026-02-02 18:46:37 [main] INFO  Log - Adding credentials
2026-02-02 18:46:40 [main] INFO  Log - Closing Browser...
2026-02-02 18:50:26 [main] INFO  Log - Starting Webdriver
2026-02-02 18:50:28 [main] INFO  Log - Navigating to test URL...
2026-02-02 18:50:32 [main] INFO  Log - Starting login test...
2026-02-02 18:50:32 [main] INFO  Log - Adding credentials
2026-02-02 18:50:34 [main] INFO  Log - Clicking login button..
2026-02-02 18:50:35 [main] INFO  Log - Verifying page title
2026-02-02 18:50:35 [main] INFO  Log - Closing Browser...
2026-02-02 18:50:35 [main] INFO  Log - Starting Webdriver
2026-02-02 18:50:36 [main] INFO  Log - Navigating to test URL...
2026-02-02 18:50:49 [main] INFO  Log - Starting login test...
2026-02-02 18:50:49 [main] INFO  Log - Adding credentials
2026-02-02 18:50:50 [main] INFO  Log - Clicking login button..
2026-02-02 18:50:51 [main] INFO  Log - Verifying page title
2026-02-02 18:50:51 [main] INFO  Log - Closing Browser...
2026-02-02 18:50:51 [main] INFO  Log - Starting Webdriver
2026-02-02 18:50:53 [main] INFO  Log - Navigating to test URL...
2026-02-02 18:51:07 [main] INFO  Log - Starting login test...
2026-02-02 18:51:07 [main] INFO  Log - Adding credentials
2026-02-02 18:51:08 [main] INFO  Log - Clicking login button..
2026-02-02 18:51:09 [main] INFO  Log - Verifying page title
2026-02-02 18:51:09 [main] INFO  Log - Closing Browser...
2026-02-02 18:51:09 [main] INFO  Log - Starting Webdriver
2026-02-02 18:51:10 [main] INFO  Log - Navigating to test URL...
2026-02-02 18:51:19 [main] INFO  Log - Starting login test...
2026-02-02 18:51:19 [main] INFO  Log - Adding credentials
2026-02-02 18:51:20 [main] INFO  Log - Clicking login button..
2026-02-02 18:51:22 [main] INFO  Log - Verifying page title
2026-02-02 18:51:22 [main] INFO  Log - Closing Browser...
2026-02-02 18:52:44 [main] INFO  Log - Starting Webdriver
2026-02-02 18:52:45 [main] INFO  Log - Navigating to test URL...
2026-02-02 18:52:50 [main] INFO  Log - Starting login test...
2026-02-02 18:52:50 [main] INFO  Log - Adding credentials
2026-02-02 18:52:50 [main] INFO  Log - Clicking login button..
2026-02-02 18:52:51 [main] INFO  Log - Verifying page title
2026-02-02 18:52:51 [main] INFO  Log - Closing Browser...
2026-02-02 18:52:52 [main] INFO  Log - Starting Webdriver
2026-02-02 18:52:53 [main] INFO  Log - Navigating to test URL...
2026-02-02 18:53:00 [main] INFO  Log - Starting login test...
2026-02-02 18:53:00 [main] INFO  Log - Adding credentials
2026-02-02 18:53:00 [main] INFO  Log - Clicking login button..
2026-02-02 18:53:01 [main] INFO  Log - Verifying page title
2026-02-02 18:53:02 [main] INFO  Log - Closing Browser...
2026-02-02 18:53:02 [main] INFO  Log - Starting Webdriver
2026-02-02 18:53:03 [main] INFO  Log - Navigating to test URL...
2026-02-02 18:53:11 [main] INFO  Log - Starting login test...
2026-02-02 18:53:11 [main] INFO  Log - Adding credentials
2026-02-02 18:53:12 [main] INFO  Log - Clicking login button..
2026-02-02 18:53:13 [main] INFO  Log - Verifying page title
2026-02-02 18:53:13 [main] INFO  Log - Closing Browser...
2026-02-02 18:53:14 [main] INFO  Log - Starting Webdriver
2026-02-02 18:53:15 [main] INFO  Log - Navigating to test URL...
2026-02-02 18:53:36 [main] INFO  Log - Starting login test...
2026-02-02 18:53:36 [main] INFO  Log - Adding credentials
2026-02-02 18:53:37 [main] INFO  Log - Clicking login button..
2026-02-02 18:53:39 [main] INFO  Log - Verifying page title
2026-02-02 18:53:39 [main] INFO  Log - Closing Browser...
2026-02-02 19:41:45 [main] INFO  Log - Starting Webdriver
2026-02-02 19:41:47 [main] INFO  Log - Navigating to test URL...
2026-02-02 19:41:52 [main] INFO  Log - Starting login test...
2026-02-02 19:41:52 [main] INFO  Log - Adding credentials
2026-02-02 19:41:53 [main] INFO  Log - Clicking login button..
2026-02-02 19:41:53 [main] INFO  Log - Verifying page title
2026-02-02 19:41:56 [main] INFO  Log - Closing Browser...
2026-02-02 19:41:56 [main] INFO  Log - Starting Webdriver
2026-02-02 19:41:57 [main] INFO  Log - Navigating to test URL...
2026-02-02 19:42:07 [main] INFO  Log - Starting login test...
2026-02-02 19:42:07 [main] INFO  Log - Adding credentials
2026-02-02 19:42:08 [main] INFO  Log - Clicking login button..
2026-02-02 19:42:09 [main] INFO  Log - Verifying page title
2026-02-02 19:42:09 [main] INFO  Log - Closing Browser...
2026-02-02 19:42:09 [main] INFO  Log - Starting Webdriver
2026-02-02 19:42:10 [main] INFO  Log - Navigating to test URL...
2026-02-02 19:42:20 [main] INFO  Log - Starting login test...
2026-02-02 19:42:20 [main] INFO  Log - Adding credentials
2026-02-02 19:42:22 [main] INFO  Log - Clicking login button..
2026-02-02 19:42:25 [main] INFO  Log - Verifying page title
2026-02-02 19:42:25 [main] INFO  Log - Closing Browser...
2026-02-02 19:42:25 [main] INFO  Log - Starting Webdriver
2026-02-02 19:42:26 [main] INFO  Log - Navigating to test URL...
2026-02-02 19:42:30 [main] INFO  Log - Starting login test...
2026-02-02 19:42:30 [main] INFO  Log - Adding credentials
2026-02-02 19:42:31 [main] INFO  Log - Clicking login button..
2026-02-02 19:42:32 [main] INFO  Log - Verifying page title
2026-02-02 19:42:32 [main] INFO  Log - Closing Browser...
2026-02-02 19:48:37 [main] INFO  Log - Starting Webdriver
2026-02-02 19:48:40 [main] INFO  Log - Navigating to test URL...
2026-02-02 19:48:41 [main] INFO  Log - Starting login test...
2026-02-02 19:48:42 [main] INFO  Log - Adding credentials
2026-02-02 19:48:46 [main] INFO  Log - Closing Browser...
2026-02-02 19:48:46 [main] INFO  Log - Starting Webdriver
2026-02-02 19:48:47 [main] INFO  Log - Navigating to test URL...
2026-02-02 19:48:47 [main] INFO  Log - Starting login test...
2026-02-02 19:48:47 [main] INFO  Log - Adding credentials
2026-02-02 19:48:52 [main] INFO  Log - Closing Browser...
2026-02-02 19:48:52 [main] INFO  Log - Starting Webdriver
2026-02-02 19:48:53 [main] INFO  Log - Navigating to test URL...
2026-02-02 19:48:53 [main] INFO  Log - Starting login test...
2026-02-02 19:48:53 [main] INFO  Log - Adding credentials
2026-02-02 19:48:58 [main] INFO  Log - Closing Browser...
2026-02-02 19:48:58 [main] INFO  Log - Starting Webdriver
2026-02-02 19:48:59 [main] INFO  Log - Navigating to test URL...
2026-02-02 19:49:00 [main] INFO  Log - Starting login test...
2026-02-02 19:49:00 [main] INFO  Log - Adding credentials
2026-02-02 19:49:04 [main] INFO  Log - Closing Browser...
2026-02-02 19:50:13 [main] INFO  Log - Starting Webdriver
2026-02-02 19:50:15 [main] INFO  Log - Navigating to test URL...
2026-02-02 19:50:15 [main] INFO  Log - Starting login test...
2026-02-02 19:50:15 [main] INFO  Log - Adding credentials
2026-02-02 19:50:19 [main] INFO  Log - Closing Browser...
2026-02-02 19:50:20 [main] INFO  Log - Starting Webdriver
2026-02-02 19:50:21 [main] INFO  Log - Navigating to test URL...
2026-02-02 19:50:21 [main] INFO  Log - Starting login test...
2026-02-02 19:50:21 [main] INFO  Log - Adding credentials
2026-02-02 19:50:25 [main] INFO  Log - Closing Browser...
2026-02-02 19:50:25 [main] INFO  Log - Starting Webdriver
2026-02-02 19:50:27 [main] INFO  Log - Navigating to test URL...
2026-02-02 19:50:35 [main] INFO  Log - Starting login test...
2026-02-02 19:50:35 [main] INFO  Log - Adding credentials
2026-02-02 19:50:39 [main] INFO  Log - Closing Browser...
2026-02-02 19:50:40 [main] INFO  Log - Starting Webdriver
2026-02-02 19:50:41 [main] INFO  Log - Navigating to test URL...
2026-02-02 19:50:41 [main] INFO  Log - Starting login test...
2026-02-02 19:50:41 [main] INFO  Log - Adding credentials
2026-02-02 19:50:45 [main] INFO  Log - Closing Browser...
2026-02-02 19:59:21 [main] INFO  Log - Starting Webdriver
2026-02-02 19:59:22 [main] INFO  Log - Navigating to test URL...
2026-02-02 19:59:25 [main] INFO  Log - Starting login test...
2026-02-02 19:59:25 [main] INFO  Log - Adding credentials
2026-02-02 19:59:30 [main] INFO  Log - Closing Browser...
2026-02-02 19:59:30 [main] INFO  Log - Starting Webdriver
2026-02-02 19:59:31 [main] INFO  Log - Navigating to test URL...
2026-02-02 19:59:32 [main] INFO  Log - Starting login test...
2026-02-02 19:59:32 [main] INFO  Log - Adding credentials
2026-02-02 19:59:36 [main] INFO  Log - Closing Browser...
2026-02-02 19:59:36 [main] INFO  Log - Starting Webdriver
2026-02-02 19:59:37 [main] INFO  Log - Navigating to test URL...
2026-02-02 19:59:39 [main] INFO  Log - Starting login test...
2026-02-02 19:59:39 [main] INFO  Log - Adding credentials
2026-02-02 19:59:44 [main] INFO  Log - Closing Browser...
2026-02-02 19:59:44 [main] INFO  Log - Starting Webdriver
2026-02-02 19:59:45 [main] INFO  Log - Navigating to test URL...
2026-02-02 19:59:48 [main] INFO  Log - Starting login test...
2026-02-02 19:59:48 [main] INFO  Log - Adding credentials
2026-02-02 19:59:52 [main] INFO  Log - Closing Browser...
2026-02-02 20:00:43 [main] INFO  Log - Starting Webdriver
2026-02-02 20:00:44 [main] INFO  Log - Navigating to test URL...
2026-02-02 20:00:48 [main] INFO  Log - Starting login test...
2026-02-02 20:00:48 [main] INFO  Log - Adding credentials
2026-02-02 20:00:49 [main] INFO  Log - Clicking login button..
2026-02-02 20:00:49 [main] INFO  Log - Verifying page title
2026-02-02 20:00:49 [main] INFO  Log - Closing Browser...
2026-02-02 20:00:49 [main] INFO  Log - Starting Webdriver
2026-02-02 20:00:50 [main] INFO  Log - Navigating to test URL...
2026-02-02 20:00:51 [main] INFO  Log - Starting login test...
2026-02-02 20:00:51 [main] INFO  Log - Adding credentials
2026-02-02 20:00:52 [main] INFO  Log - Clicking login button..
2026-02-02 20:00:52 [main] INFO  Log - Verifying page title
2026-02-02 20:00:52 [main] INFO  Log - Closing Browser...
2026-02-02 20:00:52 [main] INFO  Log - Starting Webdriver
2026-02-02 20:00:53 [main] INFO  Log - Navigating to test URL...
2026-02-02 20:00:58 [main] INFO  Log - Starting login test...
2026-02-02 20:00:58 [main] INFO  Log - Adding credentials
2026-02-02 20:00:58 [main] INFO  Log - Clicking login button..
2026-02-02 20:01:01 [main] INFO  Log - Verifying page title
2026-02-02 20:01:01 [main] INFO  Log - Closing Browser...
2026-02-02 20:01:01 [main] INFO  Log - Starting Webdriver
2026-02-02 20:01:03 [main] INFO  Log - Navigating to test URL...
2026-02-02 20:01:05 [main] INFO  Log - Starting login test...
2026-02-02 20:01:05 [main] INFO  Log - Adding credentials
2026-02-02 20:01:05 [main] INFO  Log - Clicking login button..
2026-02-02 20:01:05 [main] INFO  Log - Verifying page title
2026-02-02 20:01:05 [main] INFO  Log - Closing Browser...
2026-02-02 20:02:01 [main] INFO  Log - Starting Webdriver
2026-02-02 20:02:03 [main] INFO  Log - Navigating to test URL...
2026-02-02 20:02:06 [main] INFO  Log - Starting login test...
2026-02-02 20:02:06 [main] INFO  Log - Adding credentials
2026-02-02 20:02:06 [main] INFO  Log - Clicking login button..
2026-02-02 20:02:10 [main] INFO  Log - Closing Browser...
2026-02-02 20:02:10 [main] INFO  Log - Starting Webdriver
2026-02-02 20:02:11 [main] INFO  Log - Navigating to test URL...
2026-02-02 20:02:13 [main] INFO  Log - Starting login test...
2026-02-02 20:02:13 [main] INFO  Log - Adding credentials
2026-02-02 20:02:13 [main] INFO  Log - Clicking login button..
2026-02-02 20:02:17 [main] INFO  Log - Closing Browser...
2026-02-02 20:02:17 [main] INFO  Log - Starting Webdriver
2026-02-02 20:02:18 [main] INFO  Log - Navigating to test URL...
2026-02-02 20:02:27 [main] INFO  Log - Starting login test...
2026-02-02 20:02:27 [main] INFO  Log - Adding credentials
2026-02-02 20:02:27 [main] INFO  Log - Clicking login button..
2026-02-02 20:02:32 [main] INFO  Log - Closing Browser...
2026-02-02 20:02:32 [main] INFO  Log - Starting Webdriver
2026-02-02 20:02:33 [main] INFO  Log - Navigating to test URL...
2026-02-02 20:02:34 [main] INFO  Log - Starting login test...
2026-02-02 20:02:34 [main] INFO  Log - Adding credentials
2026-02-02 20:02:34 [main] INFO  Log - Clicking login button..
2026-02-02 20:02:38 [main] INFO  Log - Closing Browser...
2026-02-02 20:03:58 [main] INFO  Log - Starting Webdriver
2026-02-02 20:03:59 [main] INFO  Log - Navigating to test URL...
2026-02-02 20:04:03 [main] INFO  Log - Starting login test...
2026-02-02 20:04:04 [main] INFO  Log - Adding credentials
2026-02-02 20:04:04 [main] INFO  Log - Clicking login button..
2026-02-02 20:04:08 [main] INFO  Log - Closing Browser...
2026-02-02 20:04:08 [main] INFO  Log - Starting Webdriver
2026-02-02 20:04:09 [main] INFO  Log - Navigating to test URL...
2026-02-02 20:04:10 [main] INFO  Log - Starting login test...
2026-02-02 20:04:10 [main] INFO  Log - Adding credentials
2026-02-02 20:04:11 [main] INFO  Log - Clicking login button..
2026-02-02 20:04:15 [main] INFO  Log - Closing Browser...
2026-02-02 20:04:15 [main] INFO  Log - Starting Webdriver
2026-02-02 20:04:16 [main] INFO  Log - Navigating to test URL...
2026-02-02 20:04:19 [main] INFO  Log - Starting login test...
2026-02-02 20:04:19 [main] INFO  Log - Adding credentials
2026-02-02 20:04:19 [main] INFO  Log - Clicking login button..
2026-02-02 20:04:23 [main] INFO  Log - Closing Browser...
2026-02-02 20:04:24 [main] INFO  Log - Starting Webdriver
2026-02-02 20:04:25 [main] INFO  Log - Navigating to test URL...
2026-02-02 20:04:26 [main] INFO  Log - Starting login test...
2026-02-02 20:04:26 [main] INFO  Log - Adding credentials
2026-02-02 20:04:26 [main] INFO  Log - Clicking login button..
2026-02-02 20:04:31 [main] INFO  Log - Closing Browser...
2026-02-02 20:06:01 [main] INFO  Log - Starting Webdriver
2026-02-02 20:06:03 [main] INFO  Log - Navigating to test URL...
2026-02-02 20:06:05 [main] INFO  Log - Starting login test...
2026-02-02 20:06:06 [main] INFO  Log - Adding credentials
2026-02-02 20:06:06 [main] INFO  Log - Clicking login button..
2026-02-02 20:06:10 [main] INFO  Log - Closing Browser...
2026-02-02 20:06:10 [main] INFO  Log - Starting Webdriver
2026-02-02 20:06:11 [main] INFO  Log - Navigating to test URL...
2026-02-02 20:06:13 [main] INFO  Log - Starting login test...
2026-02-02 20:06:13 [main] INFO  Log - Adding credentials
2026-02-02 20:06:13 [main] INFO  Log - Clicking login button..
2026-02-02 20:06:17 [main] INFO  Log - Closing Browser...
2026-02-02 20:06:18 [main] INFO  Log - Starting Webdriver
2026-02-02 20:06:19 [main] INFO  Log - Navigating to test URL...
2026-02-02 20:06:20 [main] INFO  Log - Starting login test...
2026-02-02 20:06:20 [main] INFO  Log - Adding credentials
2026-02-02 20:06:20 [main] INFO  Log - Clicking login button..
2026-02-02 20:06:24 [main] INFO  Log - Closing Browser...
2026-02-02 20:06:25 [main] INFO  Log - Starting Webdriver
2026-02-02 20:06:26 [main] INFO  Log - Navigating to test URL...
2026-02-02 20:06:30 [main] INFO  Log - Starting login test...
2026-02-02 20:06:30 [main] INFO  Log - Adding credentials
2026-02-02 20:06:30 [main] INFO  Log - Clicking login button..
2026-02-02 20:06:34 [main] INFO  Log - Closing Browser...
2026-02-02 20:08:07 [main] INFO  Log - Starting Webdriver
2026-02-02 20:08:08 [main] INFO  Log - Navigating to test URL...
2026-02-02 20:08:10 [main] INFO  Log - Starting login test...
2026-02-02 20:08:10 [main] INFO  Log - Adding credentials
2026-02-02 20:08:10 [main] INFO  Log - Clicking login button..
2026-02-02 20:08:10 [main] INFO  Log - Verifying page title
2026-02-02 20:08:10 [main] INFO  Log - Closing Browser...
2026-02-02 20:08:11 [main] INFO  Log - Starting Webdriver
2026-02-02 20:08:12 [main] INFO  Log - Navigating to test URL...
2026-02-02 20:08:14 [main] INFO  Log - Starting login test...
2026-02-02 20:08:14 [main] INFO  Log - Adding credentials
2026-02-02 20:08:14 [main] INFO  Log - Clicking login button..
2026-02-02 20:08:14 [main] INFO  Log - Verifying page title
2026-02-02 20:08:14 [main] INFO  Log - Closing Browser...
2026-02-02 20:08:14 [main] INFO  Log - Starting Webdriver
2026-02-02 20:08:15 [main] INFO  Log - Navigating to test URL...
2026-02-02 20:08:16 [main] INFO  Log - Starting login test...
2026-02-02 20:08:16 [main] INFO  Log - Adding credentials
2026-02-02 20:08:17 [main] INFO  Log - Clicking login button..
2026-02-02 20:08:18 [main] INFO  Log - Verifying page title
2026-02-02 20:08:18 [main] INFO  Log - Closing Browser...
2026-02-02 20:08:18 [main] INFO  Log - Starting Webdriver
2026-02-02 20:08:19 [main] INFO  Log - Navigating to test URL...
2026-02-02 20:08:20 [main] INFO  Log - Starting login test...
2026-02-02 20:08:20 [main] INFO  Log - Adding credentials
2026-02-02 20:08:20 [main] INFO  Log - Clicking login button..
2026-02-02 20:08:20 [main] INFO  Log - Verifying page title
2026-02-02 20:08:20 [main] INFO  Log - Closing Browser...
2026-02-02 20:10:25 [main] INFO  Log - Starting Webdriver
2026-02-02 20:10:26 [main] INFO  Log - Navigating to test URL...
2026-02-02 20:10:28 [main] INFO  Log - Starting login test...
2026-02-02 20:10:28 [main] INFO  Log - Adding credentials
2026-02-02 20:10:29 [main] INFO  Log - Clicking login button..
2026-02-02 20:10:29 [main] INFO  Log - Verifying page title
2026-02-02 20:10:29 [main] INFO  Log - Closing Browser...
2026-02-02 20:10:29 [main] INFO  Log - Starting Webdriver
2026-02-02 20:10:30 [main] INFO  Log - Navigating to test URL...
2026-02-02 20:10:33 [main] INFO  Log - Starting login test...
2026-02-02 20:10:33 [main] INFO  Log - Adding credentials
2026-02-02 20:10:33 [main] INFO  Log - Clicking login button..
2026-02-02 20:10:33 [main] INFO  Log - Verifying page title
2026-02-02 20:10:33 [main] INFO  Log - Closing Browser...
2026-02-02 20:10:33 [main] INFO  Log - Starting Webdriver
2026-02-02 20:10:35 [main] INFO  Log - Navigating to test URL...
2026-02-02 20:10:37 [main] INFO  Log - Starting login test...
2026-02-02 20:10:37 [main] INFO  Log - Adding credentials
2026-02-02 20:10:37 [main] INFO  Log - Clicking login button..
2026-02-02 20:10:38 [main] INFO  Log - Verifying page title
2026-02-02 20:10:38 [main] INFO  Log - Closing Browser...
2026-02-02 20:10:38 [main] INFO  Log - Starting Webdriver
2026-02-02 20:10:39 [main] INFO  Log - Navigating to test URL...
2026-02-02 20:10:40 [main] INFO  Log - Starting login test...
2026-02-02 20:10:40 [main] INFO  Log - Adding credentials
2026-02-02 20:10:40 [main] INFO  Log - Clicking login button..
2026-02-02 20:10:41 [main] INFO  Log - Verifying page title
2026-02-02 20:10:41 [main] INFO  Log - Closing Browser...
2026-02-02 20:15:11 [main] INFO  Log - Starting Webdriver
2026-02-02 20:15:13 [main] INFO  Log - Navigating to test URL...
2026-02-02 20:15:18 [main] INFO  Log - Starting login test...
2026-02-02 20:15:18 [main] INFO  Log - Adding credentials
2026-02-02 20:15:18 [main] INFO  Log - Clicking login button..
2026-02-02 20:15:18 [main] INFO  Log - Verifying page title
2026-02-02 20:15:18 [main] INFO  Log - Closing Browser...
2026-02-02 20:15:18 [main] INFO  Log - Starting Webdriver
2026-02-02 20:15:19 [main] INFO  Log - Navigating to test URL...
2026-02-02 20:15:21 [main] INFO  Log - Starting login test...
2026-02-02 20:15:21 [main] INFO  Log - Adding credentials
2026-02-02 20:15:21 [main] INFO  Log - Clicking login button..
2026-02-02 20:15:21 [main] INFO  Log - Verifying page title
2026-02-02 20:15:21 [main] INFO  Log - Closing Browser...
2026-02-02 20:15:21 [main] INFO  Log - Starting Webdriver
2026-02-02 20:15:22 [main] INFO  Log - Navigating to test URL...
2026-02-02 20:15:23 [main] INFO  Log - Starting login test...
2026-02-02 20:15:23 [main] INFO  Log - Adding credentials
2026-02-02 20:15:23 [main] INFO  Log - Clicking login button..
2026-02-02 20:15:25 [main] INFO  Log - Verifying page title
2026-02-02 20:15:25 [main] INFO  Log - Closing Browser...
2026-02-02 20:15:25 [main] INFO  Log - Starting Webdriver
2026-02-02 20:15:26 [main] INFO  Log - Navigating to test URL...
2026-02-02 20:15:28 [main] INFO  Log - Starting login test...
2026-02-02 20:15:28 [main] INFO  Log - Adding credentials
2026-02-02 20:15:29 [main] INFO  Log - Clicking login button..
2026-02-02 20:15:29 [main] INFO  Log - Verifying page title
2026-02-02 20:15:29 [main] INFO  Log - Closing Browser...
2026-02-02 22:28:16 [main] INFO  Log - Starting Webdriver
2026-02-02 22:28:30 [main] INFO  Log - Navigating to test URL...
2026-02-02 22:28:31 [main] INFO  Log - Starting login test...
2026-02-02 22:28:31 [main] INFO  Log - Adding credentials
2026-02-02 22:28:32 [main] INFO  Log - Clicking login button..
2026-02-02 22:28:32 [main] INFO  Log - Verifying page title
2026-02-02 22:28:32 [main] INFO  Log - Closing Browser...
2026-02-02 22:28:32 [main] INFO  Log - Starting Webdriver
2026-02-02 22:28:33 [main] INFO  Log - Navigating to test URL...
2026-02-02 22:28:34 [main] INFO  Log - Starting login test...
2026-02-02 22:28:34 [main] INFO  Log - Adding credentials
2026-02-02 22:28:34 [main] INFO  Log - Clicking login button..
2026-02-02 22:28:34 [main] INFO  Log - Verifying page title
2026-02-02 22:28:34 [main] INFO  Log - Closing Browser...
2026-02-02 22:28:34 [main] INFO  Log - Starting Webdriver
2026-02-02 22:28:35 [main] INFO  Log - Navigating to test URL...
2026-02-02 22:28:38 [main] INFO  Log - Starting login test...
2026-02-02 22:28:38 [main] INFO  Log - Adding credentials
2026-02-02 22:28:38 [main] INFO  Log - Clicking login button..
2026-02-02 22:28:38 [main] INFO  Log - Verifying page title
2026-02-02 22:28:38 [main] INFO  Log - Closing Browser...
2026-02-02 22:30:11 [main] INFO  Log - Starting Webdriver
2026-02-02 22:30:13 [main] INFO  Log - Navigating to test URL...
2026-02-02 22:30:14 [main] INFO  Log - Starting login test...
2026-02-02 22:30:14 [main] INFO  Log - Adding credentials
2026-02-02 22:30:14 [main] INFO  Log - Clicking login button..
2026-02-02 22:30:14 [main] INFO  Log - Verifying page title
2026-02-02 22:30:14 [main] INFO  Log - Closing Browser...
2026-02-02 22:30:14 [main] INFO  Log - Starting Webdriver
2026-02-02 22:30:15 [main] INFO  Log - Navigating to test URL...
2026-02-02 22:30:17 [main] INFO  Log - Starting login test...
2026-02-02 22:30:17 [main] INFO  Log - Adding credentials
2026-02-02 22:30:18 [main] INFO  Log - Clicking login button..
2026-02-02 22:30:18 [main] INFO  Log - Verifying page title
2026-02-02 22:30:18 [main] INFO  Log - Closing Browser...
2026-02-02 22:30:18 [main] INFO  Log - Starting Webdriver
2026-02-02 22:30:19 [main] INFO  Log - Navigating to test URL...
2026-02-02 22:30:21 [main] INFO  Log - Starting login test...
2026-02-02 22:30:21 [main] INFO  Log - Adding credentials
2026-02-02 22:30:22 [main] INFO  Log - Clicking login button..
2026-02-02 22:30:22 [main] INFO  Log - Verifying page title
2026-02-02 22:30:22 [main] INFO  Log - Closing Browser...
2026-02-02 22:30:22 [main] INFO  Log - Starting Webdriver
2026-02-02 22:30:23 [main] INFO  Log - Navigating to test URL...
2026-02-02 22:30:29 [main] INFO  Log - Starting login test...
2026-02-02 22:30:29 [main] INFO  Log - Adding credentials
2026-02-02 22:30:29 [main] INFO  Log - Clicking login button..
2026-02-02 22:30:31 [main] INFO  Log - Verifying page title
2026-02-02 22:30:31 [main] INFO  Log - Closing Browser...
2026-02-02 22:49:24 [main] INFO  Log - Starting Webdriver
2026-02-02 22:49:26 [main] INFO  Log - Navigating to test URL...
2026-02-02 22:49:27 [main] INFO  Log - Starting login test...
2026-02-02 22:49:27 [main] INFO  Log - Adding credentials
2026-02-02 22:49:27 [main] INFO  Log - Clicking login button..
2026-02-02 22:49:27 [main] INFO  Log - Verifying page title
2026-02-02 22:49:27 [main] INFO  Log - Closing Browser...
2026-02-02 22:49:27 [main] INFO  Log - Starting Webdriver
2026-02-02 22:49:28 [main] INFO  Log - Navigating to test URL...
2026-02-02 22:49:29 [main] INFO  Log - Starting login test...
2026-02-02 22:49:29 [main] INFO  Log - Adding credentials
2026-02-02 22:49:29 [main] INFO  Log - Clicking login button..
2026-02-02 22:49:29 [main] INFO  Log - Verifying page title
2026-02-02 22:49:29 [main] INFO  Log - Closing Browser...
2026-02-02 22:49:30 [main] INFO  Log - Starting Webdriver
2026-02-02 22:49:31 [main] INFO  Log - Navigating to test URL...
2026-02-02 22:49:32 [main] INFO  Log - Starting login test...
2026-02-02 22:49:32 [main] INFO  Log - Adding credentials
2026-02-02 22:49:32 [main] INFO  Log - Clicking login button..
2026-02-02 22:49:34 [main] INFO  Log - Verifying page title
2026-02-02 22:49:34 [main] INFO  Log - Closing Browser...
2026-02-02 22:49:34 [main] INFO  Log - Starting Webdriver
2026-02-02 22:49:35 [main] INFO  Log - Navigating to test URL...
2026-02-02 22:49:36 [main] INFO  Log - Starting login test...
2026-02-02 22:49:36 [main] INFO  Log - Adding credentials
2026-02-02 22:49:36 [main] INFO  Log - Clicking login button..
2026-02-02 22:49:36 [main] INFO  Log - Verifying page title
2026-02-02 22:49:36 [main] INFO  Log - Closing Browser...
2026-02-02 22:51:46 [main] INFO  Log - Starting Webdriver
2026-02-02 22:51:47 [main] INFO  Log - Navigating to test URL...
2026-02-02 22:51:48 [main] INFO  Log - Starting login test...
2026-02-02 22:51:48 [main] INFO  Log - Adding credentials
2026-02-02 22:51:48 [main] INFO  Log - Clicking login button..
2026-02-02 22:51:49 [main] INFO  Log - Verifying page title
2026-02-02 22:51:49 [main] INFO  Log - Closing Browser...
2026-02-02 22:51:49 [main] INFO  Log - Starting Webdriver
2026-02-02 22:51:50 [main] INFO  Log - Navigating to test URL...
2026-02-02 22:51:52 [main] INFO  Log - Starting login test...
2026-02-02 22:51:52 [main] INFO  Log - Adding credentials
2026-02-02 22:51:53 [main] INFO  Log - Clicking login button..
2026-02-02 22:51:53 [main] INFO  Log - Verifying page title
2026-02-02 22:51:53 [main] INFO  Log - Closing Browser...
2026-02-02 22:51:53 [main] INFO  Log - Starting Webdriver
2026-02-02 22:51:54 [main] INFO  Log - Navigating to test URL...
2026-02-02 22:51:56 [main] INFO  Log - Starting login test...
2026-02-02 22:51:56 [main] INFO  Log - Adding credentials
2026-02-02 22:51:56 [main] INFO  Log - Clicking login button..
2026-02-02 22:51:57 [main] INFO  Log - Verifying page title
2026-02-02 22:51:57 [main] INFO  Log - Closing Browser...
2026-02-02 22:51:57 [main] INFO  Log - Starting Webdriver
2026-02-02 22:51:59 [main] INFO  Log - Navigating to test URL...
2026-02-02 22:52:00 [main] INFO  Log - Starting login test...
2026-02-02 22:52:00 [main] INFO  Log - Adding credentials
2026-02-02 22:52:00 [main] INFO  Log - Clicking login button..
2026-02-02 22:52:00 [main] INFO  Log - Verifying page title
2026-02-02 22:52:00 [main] INFO  Log - Closing Browser...
2026-02-02 22:54:50 [main] INFO  Log - Starting Webdriver
2026-02-02 22:54:51 [main] INFO  Log - Navigating to test URL...
2026-02-02 22:54:53 [main] INFO  Log - Starting login test...
2026-02-02 22:54:53 [main] INFO  Log - Adding credentials
2026-02-02 22:54:53 [main] INFO  Log - Clicking login button..
2026-02-02 22:54:53 [main] INFO  Log - Verifying page title
2026-02-02 22:54:54 [main] INFO  Log - Closing Browser...
2026-02-02 22:54:54 [main] INFO  Log - Starting Webdriver
2026-02-02 22:54:56 [main] INFO  Log - Navigating to test URL...
2026-02-02 22:54:58 [main] INFO  Log - Starting login test...
2026-02-02 22:54:58 [main] INFO  Log - Adding credentials
2026-02-02 22:54:58 [main] INFO  Log - Clicking login button..
2026-02-02 22:54:58 [main] INFO  Log - Verifying page title
2026-02-02 22:54:58 [main] INFO  Log - Closing Browser...
2026-02-02 22:54:58 [main] INFO  Log - Starting Webdriver
2026-02-02 22:54:59 [main] INFO  Log - Navigating to test URL...
2026-02-02 22:55:02 [main] INFO  Log - Starting login test...
2026-02-02 22:55:02 [main] INFO  Log - Adding credentials
2026-02-02 22:55:02 [main] INFO  Log - Clicking login button..
2026-02-02 22:55:02 [main] INFO  Log - Verifying page title
2026-02-02 22:55:02 [main] INFO  Log - Closing Browser...
2026-02-02 22:55:02 [main] INFO  Log - Starting Webdriver
2026-02-02 22:55:03 [main] INFO  Log - Navigating to test URL...
2026-02-02 22:55:04 [main] INFO  Log - Starting login test...
2026-02-02 22:55:04 [main] INFO  Log - Adding credentials
2026-02-02 22:55:04 [main] INFO  Log - Clicking login button..
2026-02-02 22:55:04 [main] INFO  Log - Verifying page title
2026-02-02 22:55:05 [main] INFO  Log - Closing Browser...
2026-02-02 22:55:06 [main] INFO  Log - Starting Webdriver
2026-02-02 22:55:07 [main] INFO  Log - Navigating to test URL...
2026-02-02 22:55:08 [main] INFO  Log - Starting login test...
2026-02-02 22:55:08 [main] INFO  Log - Adding credentials
2026-02-02 22:55:08 [main] INFO  Log - Clicking login button..
2026-02-02 22:55:08 [main] INFO  Log - Verifying page title
2026-02-02 22:55:08 [main] INFO  Log - Closing Browser...
2026-02-02 22:56:22 [main] INFO  Log - Starting Webdriver
2026-02-02 22:56:24 [main] INFO  Log - Navigating to test URL...
2026-02-02 22:56:27 [main] INFO  Log - Starting login test...
2026-02-02 22:56:27 [main] INFO  Log - Adding credentials
2026-02-02 22:56:27 [main] INFO  Log - Clicking login button..
2026-02-02 22:56:27 [main] INFO  Log - Verifying page title
2026-02-02 22:56:27 [main] INFO  Log - Closing Browser...
2026-02-02 22:56:27 [main] INFO  Log - Starting Webdriver
2026-02-02 22:56:28 [main] INFO  Log - Navigating to test URL...
2026-02-02 22:56:29 [main] INFO  Log - Starting login test...
2026-02-02 22:56:29 [main] INFO  Log - Adding credentials
2026-02-02 22:56:30 [main] INFO  Log - Clicking login button..
2026-02-02 22:56:30 [main] INFO  Log - Verifying page title
2026-02-02 22:56:30 [main] INFO  Log - Closing Browser...
2026-02-02 22:56:30 [main] INFO  Log - Starting Webdriver
2026-02-02 22:56:31 [main] INFO  Log - Navigating to test URL...
2026-02-02 22:56:34 [main] INFO  Log - Starting login test...
2026-02-02 22:56:34 [main] INFO  Log - Adding credentials
2026-02-02 22:56:34 [main] INFO  Log - Clicking login button..
2026-02-02 22:56:37 [main] INFO  Log - Verifying page title
2026-02-02 22:56:37 [main] INFO  Log - Closing Browser...
2026-02-02 22:56:37 [main] INFO  Log - Starting Webdriver
2026-02-02 22:56:39 [main] INFO  Log - Navigating to test URL...
2026-02-02 22:56:42 [main] INFO  Log - Starting login test...
2026-02-02 22:56:42 [main] INFO  Log - Adding credentials
2026-02-02 22:56:42 [main] INFO  Log - Clicking login button..
2026-02-02 22:56:42 [main] INFO  Log - Verifying page title
2026-02-02 22:56:42 [main] INFO  Log - Closing Browser...
2026-02-03 10:08:55 [main] INFO  Log - Starting Webdriver
2026-02-03 10:09:01 [main] INFO  Log - Navigating to test URL...
2026-02-03 10:09:02 [main] INFO  Log - Starting login test...
2026-02-03 10:09:02 [main] INFO  Log - Adding credentials
2026-02-03 10:09:02 [main] INFO  Log - Clicking login button..
2026-02-03 10:09:02 [main] INFO  Log - Verifying page title
2026-02-03 10:09:02 [main] INFO  Log - Closing Browser...
2026-02-03 10:09:03 [main] INFO  Log - Starting Webdriver
2026-02-03 10:09:04 [main] INFO  Log - Navigating to test URL...
2026-02-03 10:09:05 [main] INFO  Log - Starting login test...
2026-02-03 10:09:05 [main] INFO  Log - Adding credentials
2026-02-03 10:09:05 [main] INFO  Log - Clicking login button..
2026-02-03 10:09:05 [main] INFO  Log - Verifying page title
2026-02-03 10:09:05 [main] INFO  Log - Closing Browser...
2026-02-03 10:09:05 [main] INFO  Log - Starting Webdriver
2026-02-03 10:09:06 [main] INFO  Log - Navigating to test URL...
2026-02-03 10:09:07 [main] INFO  Log - Starting login test...
2026-02-03 10:09:07 [main] INFO  Log - Adding credentials
2026-02-03 10:09:08 [main] INFO  Log - Clicking login button..
2026-02-03 10:09:08 [main] INFO  Log - Verifying page title
2026-02-03 10:09:09 [main] INFO  Log - Closing Browser...
2026-02-03 10:09:09 [main] INFO  Log - Starting Webdriver
2026-02-03 10:09:10 [main] INFO  Log - Navigating to test URL...
2026-02-03 10:09:11 [main] INFO  Log - Starting login test...
2026-02-03 10:09:11 [main] INFO  Log - Adding credentials
2026-02-03 10:09:11 [main] INFO  Log - Clicking login button..
2026-02-03 10:09:11 [main] INFO  Log - Verifying page title
2026-02-03 10:09:11 [main] INFO  Log - Closing Browser...
2026-02-03 10:14:25 [main] INFO  Log - Starting Webdriver
2026-02-03 10:14:26 [main] INFO  Log - Navigating to test URL...
2026-02-03 10:14:27 [main] INFO  Log - Starting login test...
2026-02-03 10:14:27 [main] INFO  Log - Adding credentials
2026-02-03 10:14:28 [main] INFO  Log - Clicking login button..
2026-02-03 10:14:28 [main] INFO  Log - Verifying page title
2026-02-03 10:14:28 [main] INFO  Log - Closing Browser...
2026-02-03 10:14:28 [main] INFO  Log - Starting Webdriver
2026-02-03 10:14:29 [main] INFO  Log - Navigating to test URL...
2026-02-03 10:14:30 [main] INFO  Log - Starting login test...
2026-02-03 10:14:30 [main] INFO  Log - Adding credentials
2026-02-03 10:14:30 [main] INFO  Log - Clicking login button..
2026-02-03 10:14:30 [main] INFO  Log - Verifying page title
2026-02-03 10:14:30 [main] INFO  Log - Closing Browser...
2026-02-03 10:14:30 [main] INFO  Log - Starting Webdriver
2026-02-03 10:14:31 [main] INFO  Log - Navigating to test URL...
2026-02-03 10:14:32 [main] INFO  Log - Starting login test...
2026-02-03 10:14:32 [main] INFO  Log - Adding credentials
2026-02-03 10:14:33 [main] INFO  Log - Clicking login button..
2026-02-03 10:14:33 [main] INFO  Log - Verifying page title
2026-02-03 10:14:34 [main] INFO  Log - Closing Browser...
2026-02-03 10:14:34 [main] INFO  Log - Starting Webdriver
2026-02-03 10:14:35 [main] INFO  Log - Navigating to test URL...
2026-02-03 10:14:36 [main] INFO  Log - Starting login test...
2026-02-03 10:14:36 [main] INFO  Log - Adding credentials
2026-02-03 10:14:36 [main] INFO  Log - Clicking login button..
2026-02-03 10:14:36 [main] INFO  Log - Verifying page title
2026-02-03 10:14:36 [main] INFO  Log - Closing Browser...
2026-02-03 10:15:50 [main] INFO  Log - Starting Webdriver
2026-02-03 10:15:51 [main] INFO  Log - Navigating to test URL...
2026-02-03 10:15:52 [main] INFO  Log - Starting login test...
2026-02-03 10:15:52 [main] INFO  Log - Adding credentials
2026-02-03 10:15:53 [main] INFO  Log - Clicking login button..
2026-02-03 10:15:53 [main] INFO  Log - Verifying page title
2026-02-03 10:15:53 [main] INFO  Log - Closing Browser...
2026-02-03 10:15:53 [main] INFO  Log - Starting Webdriver
2026-02-03 10:15:54 [main] INFO  Log - Navigating to test URL...
2026-02-03 10:15:55 [main] INFO  Log - Starting login test...
2026-02-03 10:15:55 [main] INFO  Log - Adding credentials
2026-02-03 10:15:55 [main] INFO  Log - Clicking login button..
2026-02-03 10:15:55 [main] INFO  Log - Verifying page title
2026-02-03 10:15:56 [main] INFO  Log - Closing Browser...
2026-02-03 10:15:56 [main] INFO  Log - Starting Webdriver
2026-02-03 10:15:57 [main] INFO  Log - Navigating to test URL...
2026-02-03 10:15:58 [main] INFO  Log - Starting login test...
2026-02-03 10:15:58 [main] INFO  Log - Adding credentials
2026-02-03 10:15:58 [main] INFO  Log - Clicking login button..
2026-02-03 10:15:59 [main] INFO  Log - Verifying page title
2026-02-03 10:15:59 [main] INFO  Log - Closing Browser...
2026-02-03 10:15:59 [main] INFO  Log - Starting Webdriver
2026-02-03 10:16:00 [main] INFO  Log - Navigating to test URL...
2026-02-03 10:16:01 [main] INFO  Log - Starting login test...
2026-02-03 10:16:01 [main] INFO  Log - Adding credentials
2026-02-03 10:16:01 [main] INFO  Log - Clicking login button..
2026-02-03 10:16:01 [main] INFO  Log - Verifying page title
2026-02-03 10:16:02 [main] INFO  Log - Closing Browser...
2026-02-03 10:19:41 [main] INFO  Log - Starting Webdriver
2026-02-03 10:19:43 [main] INFO  Log - Navigating to test URL...
2026-02-03 10:19:44 [main] INFO  Log - Starting login test...
2026-02-03 10:19:44 [main] INFO  Log - Adding credentials
2026-02-03 10:19:44 [main] INFO  Log - Clicking login button..
2026-02-03 10:19:44 [main] INFO  Log - Verifying page title
2026-02-03 10:19:45 [main] INFO  Log - Closing Browser...
2026-02-03 10:19:45 [main] INFO  Log - Starting Webdriver
2026-02-03 10:19:46 [main] INFO  Log - Navigating to test URL...
2026-02-03 10:19:47 [main] INFO  Log - Starting login test...
2026-02-03 10:19:47 [main] INFO  Log - Adding credentials
2026-02-03 10:19:47 [main] INFO  Log - Clicking login button..
2026-02-03 10:19:47 [main] INFO  Log - Verifying page title
2026-02-03 10:19:47 [main] INFO  Log - Closing Browser...
2026-02-03 10:19:47 [main] INFO  Log - Starting Webdriver
2026-02-03 10:19:48 [main] INFO  Log - Navigating to test URL...
2026-02-03 10:19:49 [main] INFO  Log - Starting login test...
2026-02-03 10:19:49 [main] INFO  Log - Adding credentials
2026-02-03 10:19:49 [main] INFO  Log - Clicking login button..
2026-02-03 10:19:50 [main] INFO  Log - Verifying page title
2026-02-03 10:19:50 [main] INFO  Log - Closing Browser...
2026-02-03 10:19:51 [main] INFO  Log - Starting Webdriver
2026-02-03 10:19:52 [main] INFO  Log - Navigating to test URL...
2026-02-03 10:19:53 [main] INFO  Log - Starting login test...
2026-02-03 10:19:53 [main] INFO  Log - Adding credentials
2026-02-03 10:19:53 [main] INFO  Log - Clicking login button..
2026-02-03 10:19:53 [main] INFO  Log - Verifying page title
2026-02-03 10:19:53 [main] INFO  Log - Closing Browser...
2026-02-03 11:07:09 [main] INFO  Log - Starting Webdriver
2026-02-03 11:07:11 [main] INFO  Log - Navigating to test URL...
2026-02-03 11:07:12 [main] INFO  Log - Starting login test...
2026-02-03 11:07:12 [main] INFO  Log - Adding credentials
2026-02-03 11:07:12 [main] INFO  Log - Clicking login button..
2026-02-03 11:07:12 [main] INFO  Log - Verifying page title
2026-02-03 11:07:12 [main] INFO  Log - Closing Browser...
2026-02-03 11:07:13 [main] INFO  Log - Starting Webdriver
2026-02-03 11:07:14 [main] INFO  Log - Navigating to test URL...
2026-02-03 11:07:15 [main] INFO  Log - Starting login test...
2026-02-03 11:07:15 [main] INFO  Log - Adding credentials
2026-02-03 11:07:15 [main] INFO  Log - Clicking login button..
2026-02-03 11:07:15 [main] INFO  Log - Verifying page title
2026-02-03 11:07:15 [main] INFO  Log - Closing Browser...
2026-02-03 11:07:15 [main] INFO  Log - Starting Webdriver
2026-02-03 11:07:17 [main] INFO  Log - Navigating to test URL...
2026-02-03 11:07:17 [main] INFO  Log - Starting login test...
2026-02-03 11:07:17 [main] INFO  Log - Adding credentials
2026-02-03 11:07:18 [main] INFO  Log - Clicking login button..
2026-02-03 11:07:18 [main] INFO  Log - Verifying page title
2026-02-03 11:07:18 [main] INFO  Log - Closing Browser...
2026-02-03 11:07:19 [main] INFO  Log - Starting Webdriver
2026-02-03 11:07:20 [main] INFO  Log - Navigating to test URL...
2026-02-03 11:07:21 [main] INFO  Log - Starting login test...
2026-02-03 11:07:21 [main] INFO  Log - Adding credentials
2026-02-03 11:07:21 [main] INFO  Log - Clicking login button..
2026-02-03 11:07:21 [main] INFO  Log - Verifying page title
2026-02-03 11:07:21 [main] INFO  Log - Closing Browser...
